2025-04-04 07:26:16.673162 - Received CBT.V508.FILE296.PDS from FILE296.XMI 
2025-04-04 07:26:16.674999 - Found $$$$$NOT.txt (text/plain) in CBT.V508.FILE296.PDS, moved to PDS/$$$$$NOT
2025-04-04 07:26:16.675184 - Found $$$$SAM.txt (text/plain) in CBT.V508.FILE296.PDS, moved to PDS/$$$$SAM
2025-04-04 07:26:16.675322 - Found $$$$SAM1.txt (text/plain) in CBT.V508.FILE296.PDS, moved to PDS/$$$$SAM1
2025-04-04 07:26:16.675442 - Found $$$#DATE.txt (text/plain) in CBT.V508.FILE296.PDS, moved to PDS/$$$#DATE
2025-04-04 07:26:16.675558 - Found $$$CGARR.txt (text/plain) in CBT.V508.FILE296.PDS, moved to PDS/$$$CGARR
2025-04-04 07:26:16.675683 - Found $$NOTE1.txt (text/plain) in CBT.V508.FILE296.PDS, moved to PDS/$$NOTE1
2025-04-04 07:26:16.675811 - Found $$NOTE2.eml (message/rfc822) in CBT.V508.FILE296.PDS, moved to PDS/$$NOTE2
2025-04-04 07:26:16.676152 - Found $$NOTE3.txt (text/plain) in CBT.V508.FILE296.PDS, moved to PDS/$$NOTE3
2025-04-04 07:26:16.676324 - Found $$NOTE4.eml (message/rfc822) in CBT.V508.FILE296.PDS, moved to PDS/$$NOTE4
2025-04-04 07:26:16.676460 - Found $$NOTE5.eml (message/rfc822) in CBT.V508.FILE296.PDS, moved to PDS/$$NOTE5
2025-04-04 07:26:16.676585 - Found $$NOTE6.eml (message/rfc822) in CBT.V508.FILE296.PDS, moved to PDS/$$NOTE6
2025-04-04 07:26:16.676709 - Found $INDEX.txt (text/plain) in CBT.V508.FILE296.PDS, moved to PDS/$INDEX
2025-04-04 07:26:16.676865 - Found @FILE296.txt (text/plain) in CBT.V508.FILE296.PDS, moved to PDS/@FILE296
2025-04-04 07:26:16.677100 - Found BLKDISK.txt (text/plain) in CBT.V508.FILE296.PDS, moved to PDS/BLKDISK
2025-04-04 07:26:16.677494 - Found COMPARE.jcl (text/plain) in CBT.V508.FILE296.PDS, moved to PDS/COMPARE
2025-04-04 07:26:16.677651 - Found COMPAREB.txt (text/plain) in CBT.V508.FILE296.PDS, moved to PDS/COMPAREB
2025-04-04 07:26:16.677845 - Found DSAT.txt (text/plain) in CBT.V508.FILE296.PDS, moved to PDS/DSAT
2025-04-04 07:26:16.677963 - Found DSAT$.jcl (text/plain) in CBT.V508.FILE296.PDS, moved to PDS/DSAT$
2025-04-04 07:26:16.678076 - Found DSATASM.jcl (text/plain) in CBT.V508.FILE296.PDS, moved to PDS/DSATASM
2025-04-04 07:26:16.678209 - Found DSATGO.jcl (text/plain) in CBT.V508.FILE296.PDS, moved to PDS/DSATGO
2025-04-04 07:26:16.678496 - Found DSATHELP.jcl (text/plain) in CBT.V508.FILE296.PDS, moved to PDS/DSATHELP
2025-04-04 07:26:16.678680 - Found DSATNEW.txt (text/plain) in CBT.V508.FILE296.PDS, moved to PDS/DSATNEW
2025-04-04 07:26:16.678799 - Found DSATNEW$.jcl (text/plain) in CBT.V508.FILE296.PDS, moved to PDS/DSATNEW$
2025-04-04 07:26:16.678910 - Found DSATNEW#.jcl (text/plain) in CBT.V508.FILE296.PDS, moved to PDS/DSATNEW#
2025-04-04 07:26:16.679093 - Found DSATNEW0.txt (text/plain) in CBT.V508.FILE296.PDS, moved to PDS/DSATNEW0
2025-04-04 07:26:16.679277 - Found DSATNEW1.txt (text/plain) in CBT.V508.FILE296.PDS, moved to PDS/DSATNEW1
2025-04-04 07:26:16.679454 - Found DSATO.jcl (text/plain) in CBT.V508.FILE296.PDS, moved to PDS/DSATO
2025-04-04 07:26:16.679587 - Found DSATO$.jcl (text/plain) in CBT.V508.FILE296.PDS, moved to PDS/DSATO$
2025-04-04 07:26:16.679745 - Found DSATOLD.jcl (text/plain) in CBT.V508.FILE296.PDS, moved to PDS/DSATOLD
2025-04-04 07:26:16.679915 - Found DSAT1.jcl (text/plain) in CBT.V508.FILE296.PDS, moved to PDS/DSAT1
2025-04-04 07:26:16.680080 - Found DSAT2.txt (text/plain) in CBT.V508.FILE296.PDS, moved to PDS/DSAT2
2025-04-04 07:26:16.680236 - Found DSAT3.txt (text/plain) in CBT.V508.FILE296.PDS, moved to PDS/DSAT3
2025-04-04 07:26:16.680388 - Found DSAT5.txt (text/plain) in CBT.V508.FILE296.PDS, moved to PDS/DSAT5
2025-04-04 07:26:16.680544 - Found DVOL.jcl (text/plain) in CBT.V508.FILE296.PDS, moved to PDS/DVOL
2025-04-04 07:26:16.680680 - Found DVOLO.jcl (text/plain) in CBT.V508.FILE296.PDS, moved to PDS/DVOLO
2025-04-04 07:26:16.680817 - Found DVOLP.jcl (text/plain) in CBT.V508.FILE296.PDS, moved to PDS/DVOLP
2025-04-04 07:26:16.680927 - Found HEL.txt (text/plain) in CBT.V508.FILE296.PDS, moved to PDS/HEL
2025-04-04 07:26:16.681051 - Found RELEASE.txt (text/plain) in CBT.V508.FILE296.PDS, moved to PDS/RELEASE
2025-04-04 07:26:16.681174 - Found RELEASE$.jcl (text/plain) in CBT.V508.FILE296.PDS, moved to PDS/RELEASE$
2025-04-04 07:26:16.681294 - Found RESET.txt (text/plain) in CBT.V508.FILE296.PDS, moved to PDS/RESET
2025-04-04 07:26:16.681407 - Found REVIEW.txt (text/plain) in CBT.V508.FILE296.PDS, moved to PDS/REVIEW
2025-04-04 07:26:16.681519 - Found REVSMF.txt (text/plain) in CBT.V508.FILE296.PDS, moved to PDS/REVSMF
2025-04-04 07:26:16.681633 - Found XEQ.txt (text/plain) in CBT.V508.FILE296.PDS, moved to PDS/XEQ
2025-04-04 07:26:16.681742 - Found XEQ$.jcl (text/plain) in CBT.V508.FILE296.PDS, moved to PDS/XEQ$
2025-04-04 07:26:16.681851 - Found XEQ#.txt (text/plain) in CBT.V508.FILE296.PDS, moved to PDS/XEQ#
2025-04-04 07:26:16.681966 - Found XEQ000.jcl (text/plain) in CBT.V508.FILE296.PDS, moved to PDS/XEQ000
